Apr 01, 2014 6:15:01 PM server.GameServerImpl doLog
INFO: Account Created 
Apr 01, 2014 6:15:01 PM server.GameServerImpl doLog
INFO: Account Created 
Apr 01, 2014 6:16:01 PM server.GameServerImpl doLog
INFO: Account Created 
Apr 01, 2014 6:16:01 PM server.GameServerImpl doLog
INFO: Account Created 
Apr 01, 2014 6:16:01 PM server.GameServerImpl doLog
INFO: Successfully signed in
Apr 01, 2014 6:16:33 PM server.GameServerImpl doLog
INFO: Account Created 
Apr 01, 2014 6:16:33 PM server.GameServerImpl doLog
INFO: Account Created 
Apr 01, 2014 6:17:19 PM server.GameServerImpl doLog
INFO: Account Created 
Apr 01, 2014 6:17:19 PM server.GameServerImpl doLog
INFO: Account Created 
Apr 01, 2014 6:17:19 PM server.GameServerImpl doLog
INFO: Successfully signed in
Apr 01, 2014 6:18:00 PM server.GameServerImpl doLog
INFO: Account Created 
Apr 01, 2014 6:18:00 PM server.GameServerImpl doLog
INFO: Account Created 
Apr 01, 2014 6:18:00 PM server.GameServerImpl doLog
INFO: Successfully signed in
Apr 01, 2014 6:18:00 PM server.GameServerImpl doLog
INFO: Account Created 
Apr 01, 2014 6:18:14 PM server.GameServerImpl doLog
INFO: Account Created 
Apr 01, 2014 6:18:14 PM server.GameServerImpl doLog
INFO: Account Created 
Apr 01, 2014 6:18:14 PM server.GameServerImpl doLog
INFO: Successfully signed in
Apr 01, 2014 6:18:14 PM server.GameServerImpl doLog
INFO: Account Created 
Apr 01, 2014 6:18:29 PM server.GameServerImpl doLog
INFO: Account Created 
Apr 01, 2014 6:18:29 PM server.GameServerImpl doLog
INFO: Account Created 
Apr 01, 2014 6:18:29 PM server.GameServerImpl doLog
INFO: Successfully signed in
Apr 01, 2014 6:18:29 PM server.GameServerImpl doLog
INFO: Account Created 
Apr 01, 2014 6:33:51 PM server.GameServerImpl doLog
INFO: Account Created 
Apr 01, 2014 6:33:51 PM server.GameServerImpl doLog
INFO: Account Created 
Apr 01, 2014 6:38:09 PM server.GameServerImpl doLog
INFO: Account Created 
Apr 01, 2014 6:38:09 PM server.GameServerImpl doLog
INFO: Account Created 
Apr 01, 2014 6:40:21 PM server.GameServerImpl doLog
INFO: Account Created 
Apr 01, 2014 6:40:21 PM server.GameServerImpl doLog
INFO: Account Created 
Apr 01, 2014 6:45:02 PM server.GameServerImpl doLog
INFO: Account Created 
Apr 01, 2014 6:46:44 PM server.GameServerImpl doLog
INFO: Account Created 
Apr 01, 2014 6:46:44 PM server.GameServerImpl doLog
INFO: Successfully signed in
Apr 01, 2014 9:05:15 PM server.GameServerImpl doLog
INFO: Account Created 
Apr 01, 2014 9:05:16 PM server.GameServerImpl doLog
INFO: Successfully signed in
Apr 01, 2014 9:08:49 PM server.GameServerImpl doLog
INFO: already signed in
Apr 01, 2014 9:09:10 PM server.GameServerImpl doLog
INFO: Account Created 
Apr 01, 2014 9:09:10 PM server.GameServerImpl doLog
INFO: Successfully signed in
Apr 01, 2014 9:29:29 PM server.GameServerImpl doLog
INFO: already signed in
Apr 01, 2014 9:34:42 PM server.GameServerImpl doLog
INFO: Account Created 
Apr 01, 2014 9:34:42 PM server.GameServerImpl doLog
INFO: Successfully signed in
Apr 01, 2014 9:51:24 PM server.GameServerImpl doLog
INFO: Account Created 
Apr 02, 2014 12:03:04 AM server.GameServerImpl doLog
INFO: Account Created 
Apr 02, 2014 12:03:14 AM server.GameServerImpl doLog
INFO: Successfully signed in
Apr 02, 2014 12:06:41 AM server.GameServerImpl doLog
INFO: already signed in
Apr 02, 2014 12:09:27 AM server.GameServerImpl doLog
INFO: Account Created 
Apr 02, 2014 12:09:27 AM server.GameServerImpl doLog
INFO: Successfully signed in
Apr 02, 2014 12:09:37 AM server.GameServerImpl doLog
INFO: already signed in
Apr 02, 2014 12:11:48 AM server.GameServerImpl doLog
INFO: already signed in
Apr 02, 2014 12:12:26 AM server.GameServerImpl doLog
INFO: Account Created 
Apr 02, 2014 12:12:26 AM server.GameServerImpl doLog
INFO: Successfully signed in
Apr 02, 2014 12:12:33 AM server.GameServerImpl doLog
INFO: already signed in
Apr 02, 2014 12:28:02 AM server.GameServerImpl doLog
INFO: Account Created 
Apr 02, 2014 12:28:21 AM server.GameServerImpl doLog
INFO: Account Created 
Apr 02, 2014 12:31:39 AM server.GameServerImpl doLog
INFO: Account Created 
Apr 02, 2014 12:31:39 AM server.GameServerImpl doLog
INFO: Successfully signed in
Apr 02, 2014 1:16:19 AM server.GameServerImpl doLog
INFO: Account Created 
Apr 02, 2014 1:16:49 AM server.GameServerImpl doLog
INFO: Successfully signed in
Apr 02, 2014 1:20:39 AM server.GameServerImpl doLog
INFO: Account Created 
Apr 02, 2014 1:21:28 AM server.GameServerImpl doLog
INFO: Account Created 
Apr 02, 2014 1:29:38 AM server.GameServerImpl doLog
INFO: Account Created 
Apr 02, 2014 1:31:17 AM server.GameServerImpl doLog
INFO: Account Created 
Apr 02, 2014 1:34:18 AM server.GameServerImpl doLog
INFO: Account Created 
Apr 02, 2014 1:35:05 AM server.GameServerImpl doLog
INFO: Account Created 
Apr 02, 2014 1:37:15 AM server.GameServerImpl doLog
INFO: Account Created 
Apr 02, 2014 2:29:15 AM server.GameServerImpl doLog
INFO: Account Created 
Apr 02, 2014 2:31:27 AM server.GameServerImpl doLog
INFO: Account Created 
Apr 02, 2014 2:31:27 AM server.GameServerImpl doLog
INFO: Successfully signed in
Apr 02, 2014 2:31:40 AM server.GameServerImpl doLog
INFO: Account Created 
Apr 02, 2014 2:31:40 AM server.GameServerImpl doLog
INFO: Successfully signed in
Apr 02, 2014 2:33:09 AM server.GameServerImpl doLog
INFO: Account Created 
Apr 02, 2014 2:45:33 AM server.GameServerImpl doLog
INFO: Account Created 
Apr 02, 2014 2:45:33 AM server.GameServerImpl doLog
INFO: Successfully signed in
Apr 02, 2014 2:45:33 AM server.GameServerImpl doLog
INFO: already signed in
Apr 02, 2014 2:52:52 AM server.GameServerImpl doLog
INFO: Account Created 
Apr 02, 2014 2:57:42 AM server.GameServerImpl doLog
INFO: Account Created 
Apr 02, 2014 2:59:55 AM server.GameServerImpl doLog
INFO: Account Created 
Apr 02, 2014 3:02:49 AM server.GameServerImpl doLog
INFO: Account Created 
Apr 02, 2014 3:03:27 AM server.GameServerImpl doLog
INFO: Account Created 
Apr 02, 2014 3:04:08 AM server.GameServerImpl doLog
INFO: Account Created 
Apr 02, 2014 2:34:24 PM server.GameServerImpl doLog
INFO: Account Created 
Apr 02, 2014 2:35:52 PM server.GameServerImpl doLog
INFO: Account Created 
Apr 02, 2014 2:39:38 PM server.GameServerImpl doLog
INFO: Account Created 
Apr 02, 2014 2:44:04 PM server.GameServerImpl doLog
INFO: Account Created 
Apr 02, 2014 2:44:48 PM server.GameServerImpl doLog
INFO: Account Created 
Apr 02, 2014 2:55:39 PM server.GameServerImpl doLog
INFO: Account Created 
